<?xml version="1.0" encoding="UTF-8"?>
<!-- Generated by org.testng.reporters.JUnitReportReporter -->
<testsuite hostname="DESKTOP-C2F25D7" failures="0" tests="1" name="Sevenchats.com.app.LoginPage" time="12.221" errors="0" timestamp="2022-03-27T12:09:35 IST" skipped="0">
  <testcase classname="Sevenchats.com.app.LoginPage" name="setup" time="12.221"/>
  <system-out/>
</testsuite> <!-- Sevenchats.com.app.LoginPage -->
