<?xml version="1.0" encoding="UTF-8"?>
<!-- Generated by org.testng.reporters.JUnitReportReporter -->
<testsuite hostname="DESKTOP-C2F25D7" failures="0" tests="1" name="inetBankingv1.inetBankingv1.Base" time="7.210" errors="0" timestamp="2021-11-29T18:24:03 IST" skipped="0">
  <testcase classname="inetBankingv1.inetBankingv1.Base" name="method" time="7.210"/>
  <system-out/>
</testsuite> <!-- inetBankingv1.inetBankingv1.Base -->
