<?xml version="1.0" encoding="UTF-8"?>
<!-- Generated by org.testng.reporters.JUnitReportReporter -->
<testsuite hostname="DESKTOP-C2F25D7" failures="0" tests="1" name="inetBankingv1.inetBankingv1.aaaaa" time="8.217" errors="0" timestamp="2022-03-24T13:00:07 IST" skipped="0">
  <testcase classname="inetBankingv1.inetBankingv1.aaaaa" name="method" time="8.217"/>
  <system-out/>
</testsuite> <!-- inetBankingv1.inetBankingv1.aaaaa -->
