<?xml version="1.0" encoding="UTF-8"?>
<!-- Generated by org.testng.reporters.JUnitReportReporter -->
<testsuite hostname="DESKTOP-C2F25D7" failures="0" tests="3" name="inetBankingv1.inetBankingv1.Dataproviderexample" time="0.012" errors="0" timestamp="2022-01-25T13:01:09 IST" skipped="0">
  <testcase classname="inetBankingv1.inetBankingv1.Dataproviderexample" name="loginTest" time="0.008"/>
  <system-out/>
  <testcase classname="inetBankingv1.inetBankingv1.Dataproviderexample" name="loginTest" time="0.002"/>
  <system-out/>
  <testcase classname="inetBankingv1.inetBankingv1.Dataproviderexample" name="loginTest" time="0.002"/>
  <system-out/>
</testsuite> <!-- inetBankingv1.inetBankingv1.Dataproviderexample -->
