<?xml version="1.0" encoding="UTF-8"?>
<!-- Generated by org.testng.reporters.JUnitReportReporter -->
<testsuite hostname="DESKTOP-C2F25D7" failures="0" tests="4" name="inetBankingv1.inetBankingv1.testngpriorioty" time="0.013" errors="0" timestamp="2022-01-25T12:48:51 IST" skipped="1">
  <testcase classname="inetBankingv1.inetBankingv1.testngpriorioty" name="method" time="0.010"/>
  <system-out/>
  <testcase classname="inetBankingv1.inetBankingv1.testngpriorioty" name="method2" time="0.002"/>
  <system-out/>
  <testcase classname="inetBankingv1.inetBankingv1.testngpriorioty" name="method3" time="0.001"/>
  <system-out/>
  <testcase classname="inetBankingv1.inetBankingv1.testngpriorioty" name="method4">
    <skipped/>
  </testcase> <!-- method4 -->
  <system-out/>
</testsuite> <!-- inetBankingv1.inetBankingv1.testngpriorioty -->
