<?xml version="1.0" encoding="UTF-8"?>
<!-- Generated by org.testng.reporters.JUnitReportReporter -->
<testsuite hostname="DESKTOP-C2F25D7" failures="0" tests="1" name="RestAssured.Test.Testng" time="13.672" errors="0" timestamp="2021-12-18T15:18:23 IST" skipped="0">
  <testcase classname="RestAssured.Test.Testng" name="Number" time="13.672"/>
  <system-out/>
</testsuite> <!-- RestAssured.Test.Testng -->
