<?xml version="1.0" encoding="UTF-8"?>
<!-- Generated by org.testng.reporters.JUnitReportReporter -->
<testsuite hostname="DESKTOP-C2F25D7" failures="0" tests="1" name="RestAssured.Test.Screenshot" time="6.934" errors="0" timestamp="2022-03-29T10:13:26 IST" skipped="0">
  <testcase classname="RestAssured.Test.Screenshot" name="setCalendar" time="6.934"/>
  <system-out/>
</testsuite> <!-- RestAssured.Test.Screenshot -->
