<?xml version="1.0" encoding="UTF-8"?>
<!-- Generated by org.testng.reporters.JUnitReportReporter -->
<testsuite hostname="DESKTOP-C2F25D7" failures="0" tests="1" name="RestAssured.Test.Screenshot" time="13.178" errors="0" timestamp="2021-12-08T18:45:32 IST" skipped="0">
  <testcase classname="RestAssured.Test.Screenshot" name="setCalendar" time="13.178"/>
  <system-out/>
</testsuite> <!-- RestAssured.Test.Screenshot -->
