<?xml version="1.0" encoding="UTF-8"?>
<!-- Generated by org.testng.reporters.JUnitReportReporter -->
<testsuite hostname="DESKTOP-C2F25D7" failures="0" tests="1" name="sevenchats_V1.testCases.TC_Login_1" time="2.154" errors="0" timestamp="2021-12-03T14:08:51 IST" skipped="0">
  <testcase classname="sevenchats_V1.testCases.TC_Login_1" name="loginTest" time="2.154"/>
  <system-out/>
</testsuite> <!-- sevenchats_V1.testCases.TC_Login_1 -->
